::1 - - [19/Apr/2021:20:33:25 +0000] "POST /keyfile HTTP/1.1" 200 17 "-" "PostmanRuntime/7.26.10"
::1 - - [19/Apr/2021:20:33:47 +0000] "POST /keyfile HTTP/1.1" 200 17 "-" "PostmanRuntime/7.26.10"
::1 - - [19/Apr/2021:20:38:32 +0000] "POST /api/v1/addresses/keyfile HTTP/1.1" 500 21 "-" "PostmanRuntime/7.26.10"
::1 - - [19/Apr/2021:20:39:58 +0000] "POST /api/v1/addresses/keyfile HTTP/1.1" 500 21 "-" "PostmanRuntime/7.26.10"
::1 - - [19/Apr/2021:20:40:26 +0000] "POST /api/v1/addresses/keyfile HTTP/1.1" 500 21 "-" "PostmanRuntime/7.26.10"
::1 - - [19/Apr/2021:20:40:53 +0000] "POST /api/v1/addresses/keyfile HTTP/1.1" 500 21 "-" "PostmanRuntime/7.26.10"
::1 - - [19/Apr/2021:20:41:51 +0000] "POST /api/v1/addresses/keyfile HTTP/1.1" 500 21 "-" "PostmanRuntime/7.26.10"
::1 - - [19/Apr/2021:20:42:24 +0000] "POST /api/v1/addresses/keyfile HTTP/1.1" 500 21 "-" "PostmanRuntime/7.26.10"
::1 - - [19/Apr/2021:20:43:24 +0000] "POST /api/v1/addresses/keyfile HTTP/1.1" 500 21 "-" "PostmanRuntime/7.26.10"
::1 - - [19/Apr/2021:20:43:51 +0000] "POST /api/v1/addresses/keyfile HTTP/1.1" 500 21 "-" "PostmanRuntime/7.26.10"
::1 - - [19/Apr/2021:20:45:03 +0000] "POST /api/v1/addresses/keyfile HTTP/1.1" 500 21 "-" "PostmanRuntime/7.26.10"
::1 - - [19/Apr/2021:20:47:35 +0000] "POST /api/v1/addresses/keyfile HTTP/1.1" 500 21 "-" "PostmanRuntime/7.26.10"
::1 - - [19/Apr/2021:20:47:41 +0000] "POST /api/v1/addresses/keyfile HTTP/1.1" 500 21 "-" "PostmanRuntime/7.26.10"
::1 - - [19/Apr/2021:20:48:49 +0000] "POST /api/v1/addresses/keyfile HTTP/1.1" 500 21 "-" "PostmanRuntime/7.26.10"
::1 - - [19/Apr/2021:20:48:51 +0000] "POST /api/v1/addresses/keyfile HTTP/1.1" 500 21 "-" "PostmanRuntime/7.26.10"
::1 - - [19/Apr/2021:20:49:49 +0000] "POST /api/v1/addresses/keyfile HTTP/1.1" 500 21 "-" "PostmanRuntime/7.26.10"
::1 - - [19/Apr/2021:20:49:55 +0000] "POST /api/v1/addresses/keyfile HTTP/1.1" 500 21 "-" "PostmanRuntime/7.26.10"
::1 - - [19/Apr/2021:20:50:30 +0000] "POST /api/v1/addresses/keyfile HTTP/1.1" 500 21 "-" "PostmanRuntime/7.26.10"
::1 - - [19/Apr/2021:20:52:39 +0000] "POST /api/v1/addresses/keyfile HTTP/1.1" 500 21 "-" "PostmanRuntime/7.26.10"
::1 - - [19/Apr/2021:20:58:53 +0000] "POST /api/v1/addresses/keyfile HTTP/1.1" 500 21 "-" "PostmanRuntime/7.26.10"
::1 - - [19/Apr/2021:20:59:32 +0000] "POST /api/v1/addresses/keyfile HTTP/1.1" 500 21 "-" "PostmanRuntime/7.26.10"
::1 - - [19/Apr/2021:21:01:45 +0000] "POST /api/v1/addresses/keyfile HTTP/1.1" 500 21 "-" "PostmanRuntime/7.26.10"
::1 - - [19/Apr/2021:21:01:52 +0000] "POST /api/v1/addresses/keyfile HTTP/1.1" 500 21 "-" "PostmanRuntime/7.26.10"
::1 - - [19/Apr/2021:21:05:16 +0000] "POST /api/v1/addresses/keyfile HTTP/1.1" 500 21 "-" "PostmanRuntime/7.26.10"
::1 - - [19/Apr/2021:21:05:32 +0000] "POST /api/v1/addresses/keyfile HTTP/1.1" 500 21 "-" "PostmanRuntime/7.26.10"
::1 - - [19/Apr/2021:21:15:13 +0000] "POST /api/v1/addresses/keyfile HTTP/1.1" 500 21 "-" "PostmanRuntime/7.26.10"
::1 - - [20/Apr/2021:13:49:00 +0000] "POST /api/v1/addresses/keyfile HTTP/1.1" 500 21 "-" "PostmanRuntime/7.26.10"
::1 - - [20/Apr/2021:13:49:38 +0000] "POST /api/v1/addresses/keyfile HTTP/1.1" 400 108 "-" "PostmanRuntime/7.26.10"
::1 - - [20/Apr/2021:13:54:27 +0000] "POST /api/v1/addresses/keyfile HTTP/1.1" 400 108 "-" "PostmanRuntime/7.26.10"
::1 - - [20/Apr/2021:13:58:59 +0000] "POST /api/v1/addresses/keyfile HTTP/1.1" 400 108 "-" "PostmanRuntime/7.26.10"
::1 - - [20/Apr/2021:14:02:07 +0000] "POST /api/v1/addresses/keyfile HTTP/1.1" 400 108 "-" "PostmanRuntime/7.26.10"
::1 - - [20/Apr/2021:14:03:22 +0000] "POST /api/v1/addresses/keyfile HTTP/1.1" 400 123 "-" "PostmanRuntime/7.26.10"
::1 - - [20/Apr/2021:14:05:21 +0000] "POST /api/v1/addresses/keyfile HTTP/1.1" 500 21 "-" "PostmanRuntime/7.26.10"
::1 - - [20/Apr/2021:14:06:08 +0000] "POST /api/v1/addresses/keyfile HTTP/1.1" 500 21 "-" "PostmanRuntime/7.26.10"
::1 - - [20/Apr/2021:14:11:02 +0000] "POST /api/v1/addresses/keyfile HTTP/1.1" 200 651 "-" "PostmanRuntime/7.26.10"
::1 - - [20/Apr/2021:15:21:18 +0000] "POST /api/v1/addresses/keyfile HTTP/1.1" 403 117 "-" "PostmanRuntime/7.26.10"
::1 - - [20/Apr/2021:15:21:46 +0000] "POST /api/v1/addresses/keyfile HTTP/1.1" 403 117 "-" "PostmanRuntime/7.26.10"
::1 - - [20/Apr/2021:15:23:26 +0000] "POST /api/v1/addresses/keyfile HTTP/1.1" 403 117 "-" "PostmanRuntime/7.26.10"
::1 - - [20/Apr/2021:15:24:02 +0000] "POST /api/v1/addresses/keyfile HTTP/1.1" 403 117 "-" "PostmanRuntime/7.26.10"
::1 - - [20/Apr/2021:15:24:46 +0000] "POST /api/v1/addresses/keyfile HTTP/1.1" 403 117 "-" "PostmanRuntime/7.26.10"
::1 - - [20/Apr/2021:15:25:14 +0000] "POST /api/v1/addresses/keyfile HTTP/1.1" 403 117 "-" "PostmanRuntime/7.26.10"
::1 - - [20/Apr/2021:15:29:15 +0000] "POST /api/v1/addresses/keyfile HTTP/1.1" 403 117 "-" "PostmanRuntime/7.26.10"
::1 - - [20/Apr/2021:15:30:59 +0000] "POST /api/v1/addresses/keyfile HTTP/1.1" 403 117 "-" "PostmanRuntime/7.26.10"
::1 - - [20/Apr/2021:15:31:40 +0000] "POST /api/v1/addresses/keyfile HTTP/1.1" 403 117 "-" "PostmanRuntime/7.26.10"
::1 - - [20/Apr/2021:15:32:02 +0000] "POST /api/v1/addresses/keyfile HTTP/1.1" 403 117 "-" "PostmanRuntime/7.26.10"
::1 - - [20/Apr/2021:15:56:20 +0000] "POST /api/v1/user/register HTTP/1.1" 200 43 "-" "PostmanRuntime/7.26.10"
::1 - - [20/Apr/2021:15:56:34 +0000] "POST /api/v1/addresses/keyfile HTTP/1.1" 400 229 "-" "PostmanRuntime/7.26.10"
::1 - - [20/Apr/2021:15:56:45 +0000] "POST /api/v1/addresses/keyfile HTTP/1.1" 400 152 "-" "PostmanRuntime/7.26.10"
::1 - - [20/Apr/2021:15:58:29 +0000] "POST /api/v1/addresses/keyfile HTTP/1.1" 400 122 "-" "PostmanRuntime/7.26.10"
::1 - - [20/Apr/2021:16:00:22 +0000] "POST /api/v1/addresses/keyfile HTTP/1.1" 200 720 "-" "PostmanRuntime/7.26.10"
::1 - - [20/Apr/2021:16:01:10 +0000] "POST /api/v1/user/register HTTP/1.1" 200 43 "-" "PostmanRuntime/7.26.10"
::1 - - [20/Apr/2021:16:11:50 +0000] "POST /api/v1/user/register HTTP/1.1" 200 729 "-" "PostmanRuntime/7.26.10"
::1 - - [20/Apr/2021:16:44:25 +0000] "POST /api/v1/user/register HTTP/1.1" 500 21 "-" "PostmanRuntime/7.26.10"
::1 - - [20/Apr/2021:16:44:41 +0000] "POST /api/v1/user/register HTTP/1.1" 500 21 "-" "PostmanRuntime/7.26.10"
::1 - - [20/Apr/2021:16:44:56 +0000] "POST /api/v1/user/register HTTP/1.1" 500 21 "-" "PostmanRuntime/7.26.10"
::1 - - [20/Apr/2021:16:45:04 +0000] "POST /api/v1/user/register HTTP/1.1" 500 21 "-" "PostmanRuntime/7.26.10"
::1 - - [20/Apr/2021:16:45:16 +0000] "POST /api/v1/user/register HTTP/1.1" 200 321 "-" "PostmanRuntime/7.26.10"
::1 - - [20/Apr/2021:16:45:26 +0000] "POST /api/v1/user/register HTTP/1.1" 200 321 "-" "PostmanRuntime/7.26.10"
::1 - - [20/Apr/2021:16:50:03 +0000] "POST /api/v1/user/register HTTP/1.1" 200 321 "-" "PostmanRuntime/7.26.10"
::1 - - [20/Apr/2021:16:50:06 +0000] "POST /api/v1/user/register HTTP/1.1" 200 321 "-" "PostmanRuntime/7.26.10"
::1 - - [20/Apr/2021:16:50:56 +0000] "POST /api/v1/user/register HTTP/1.1" 200 321 "-" "PostmanRuntime/7.26.10"
::1 - - [20/Apr/2021:16:50:57 +0000] "POST /api/v1/user/register HTTP/1.1" 400 183 "-" "PostmanRuntime/7.26.10"
::1 - - [20/Apr/2021:16:54:50 +0000] "DELETE /api/v1/user/ HTTP/1.1" 200 17 "-" "PostmanRuntime/7.26.10"
::1 - - [20/Apr/2021:17:02:43 +0000] "DELETE /api/v1/user?email=s.wells@topl.me%0A HTTP/1.1" 200 17 "-" "PostmanRuntime/7.26.10"
::1 - - [20/Apr/2021:17:06:59 +0000] "DELETE /api/v1/user/email?email=s.wells@topl.me%0A HTTP/1.1" 403 98 "-" "PostmanRuntime/7.26.10"
::1 - - [20/Apr/2021:17:07:27 +0000] "DELETE /api/v1/user/email?email=s.wells@topl.me%0A HTTP/1.1" 403 98 "-" "PostmanRuntime/7.26.10"
::1 - - [20/Apr/2021:17:08:18 +0000] "DELETE /api/v1/user/email?email=s.wells@topl.me%0A HTTP/1.1" 403 98 "-" "PostmanRuntime/7.26.10"
::1 - - [20/Apr/2021:17:09:20 +0000] "DELETE /api/v1/user/email?email=s.wells@topl.me%0A HTTP/1.1" 403 98 "-" "PostmanRuntime/7.26.10"
::1 - - [20/Apr/2021:17:10:46 +0000] "DELETE /api/v1/user/email?email=s.wells@topl.me%0A HTTP/1.1" 403 98 "-" "PostmanRuntime/7.26.10"
::1 - - [20/Apr/2021:17:11:38 +0000] "DELETE /api/v1/user/email?email=s.wells@topl.me%0A HTTP/1.1" 403 98 "-" "PostmanRuntime/7.26.10"
::1 - - [20/Apr/2021:17:12:02 +0000] "DELETE /api/v1/user/email?email=s.wells@topl.me%0A HTTP/1.1" 403 98 "-" "PostmanRuntime/7.26.10"
::1 - - [20/Apr/2021:17:14:42 +0000] "DELETE /api/v1/user/email?email=s.wells@topl.me%0A HTTP/1.1" 403 98 "-" "PostmanRuntime/7.26.10"
::1 - - [20/Apr/2021:17:15:10 +0000] "DELETE /api/v1/user/email?email=s.wells@topl.me%0A HTTP/1.1" 403 98 "-" "PostmanRuntime/7.26.10"
::1 - - [20/Apr/2021:17:15:44 +0000] "DELETE /api/v1/user/email?email=s.wells@topl.me%0A HTTP/1.1" 403 98 "-" "PostmanRuntime/7.26.10"
::1 - - [20/Apr/2021:17:17:00 +0000] "DELETE /api/v1/user/email?email=s.wells@topl.me%0A HTTP/1.1" 403 98 "-" "PostmanRuntime/7.26.10"
::1 - - [20/Apr/2021:17:19:27 +0000] "DELETE /api/v1/user/email?email=s.wells@topl.me%0A HTTP/1.1" 403 98 "-" "PostmanRuntime/7.26.10"
::1 - - [20/Apr/2021:17:21:46 +0000] "DELETE /api/v1/user/email?email=s.wells@topl.me HTTP/1.1" 403 98 "-" "PostmanRuntime/7.26.10"
::1 - - [20/Apr/2021:17:22:16 +0000] "DELETE /api/v1/user/email?email=s.wells@topl.me HTTP/1.1" 403 98 "-" "PostmanRuntime/7.26.10"
::1 - - [20/Apr/2021:17:22:30 +0000] "DELETE /api/v1/user/email?email=s.wells@topl.me HTTP/1.1" 403 98 "-" "PostmanRuntime/7.26.10"
::1 - - [20/Apr/2021:17:24:36 +0000] "DELETE /api/v1/user/email?email=s.wells@topl.me HTTP/1.1" 403 98 "-" "PostmanRuntime/7.26.10"
::1 - - [20/Apr/2021:17:24:57 +0000] "DELETE /api/v1/user/email?email=s.wells@topl.me HTTP/1.1" 403 98 "-" "PostmanRuntime/7.26.10"
::1 - - [20/Apr/2021:17:25:20 +0000] "DELETE /api/v1/user/email?email=s.wells@topl.me HTTP/1.1" 403 98 "-" "PostmanRuntime/7.26.10"
::1 - - [20/Apr/2021:17:26:27 +0000] "DELETE /api/v1/user/email?email=s.wells@topl.me HTTP/1.1" 200 17 "-" "PostmanRuntime/7.26.10"
::1 - - [20/Apr/2021:17:32:34 +0000] "GET /api/v1/user/email?email=s.wells@topl.me HTTP/1.1" 200 17 "-" "PostmanRuntime/7.26.10"
::1 - - [20/Apr/2021:17:34:05 +0000] "GET /api/v1/user/email?email=s.wells@topl.me HTTP/1.1" 500 21 "-" "PostmanRuntime/7.26.10"
::1 - - [20/Apr/2021:17:35:37 +0000] "GET /api/v1/user/email?email=s.wells@topl.me HTTP/1.1" 403 98 "-" "PostmanRuntime/7.26.10"
::1 - - [20/Apr/2021:17:36:27 +0000] "GET /api/v1/user/email?email=s.wells@topl.me HTTP/1.1" 403 98 "-" "PostmanRuntime/7.26.10"
::1 - - [20/Apr/2021:17:36:33 +0000] "GET /api/v1/user/email?email=s.wells@topl.me HTTP/1.1" 403 98 "-" "PostmanRuntime/7.26.10"
::1 - - [20/Apr/2021:17:36:55 +0000] "GET /api/v1/user/email?email=s.wells@topl.me HTTP/1.1" 500 21 "-" "PostmanRuntime/7.26.10"
::1 - - [20/Apr/2021:17:37:42 +0000] "GET /api/v1/user/email?email=s.wells@topl.me HTTP/1.1" 500 21 "-" "PostmanRuntime/7.26.10"
::1 - - [20/Apr/2021:17:38:20 +0000] "GET /api/v1/user/email?email=s.wells@topl.me HTTP/1.1" 500 21 "-" "PostmanRuntime/7.26.10"
::1 - - [20/Apr/2021:17:40:10 +0000] "GET /api/v1/user/email?email=s.wells@topl.me HTTP/1.1" 500 21 "-" "PostmanRuntime/7.26.10"
::1 - - [20/Apr/2021:17:41:40 +0000] "GET /api/v1/user/email?email=s.wells@topl.me HTTP/1.1" 200 322 "-" "PostmanRuntime/7.26.10"
::1 - - [20/Apr/2021:17:42:02 +0000] "DELETE /api/v1/user/email?email=s.wells@topl.me HTTP/1.1" 200 17 "-" "PostmanRuntime/7.26.10"
::1 - - [20/Apr/2021:17:42:58 +0000] "DELETE /api/v1/user/email?email=s.wells@topl.me HTTP/1.1" 200 17 "-" "PostmanRuntime/7.26.10"
::1 - - [20/Apr/2021:17:43:06 +0000] "GET /api/v1/user/email?email=s.wells@topl.me HTTP/1.1" 200 322 "-" "PostmanRuntime/7.26.10"
::1 - - [20/Apr/2021:17:43:38 +0000] "GET /api/v1/user/email?email=s.wells@topl.me HTTP/1.1" 200 322 "-" "PostmanRuntime/7.26.10"
::1 - - [20/Apr/2021:17:43:41 +0000] "DELETE /api/v1/user/email?email=s.wells@topl.me HTTP/1.1" 200 17 "-" "PostmanRuntime/7.26.10"
::1 - - [20/Apr/2021:17:44:54 +0000] "DELETE /api/v1/user/email?email=s.wells@topl.me HTTP/1.1" 200 17 "-" "PostmanRuntime/7.26.10"
::1 - - [20/Apr/2021:17:45:12 +0000] "DELETE /api/v1/user/email?email=s.wells@topl.me HTTP/1.1" 200 17 "-" "PostmanRuntime/7.26.10"
::1 - - [20/Apr/2021:17:46:36 +0000] "DELETE /api/v1/user/email?email=s.wells@topl.me HTTP/1.1" 200 17 "-" "PostmanRuntime/7.26.10"
::1 - - [20/Apr/2021:17:58:10 +0000] "DELETE /api/v1/user/email?email=s.wells@topl.me HTTP/1.1" 200 17 "-" "PostmanRuntime/7.26.10"
::1 - - [20/Apr/2021:17:58:29 +0000] "GET /api/v1/user/email?email=s.wells@topl.me HTTP/1.1" 200 322 "-" "PostmanRuntime/7.26.10"
::1 - - [20/Apr/2021:18:01:29 +0000] "GET /api/v1/user/email?email=s.wells@topl.me HTTP/1.1" 200 322 "-" "PostmanRuntime/7.26.10"
::1 - - [20/Apr/2021:18:01:33 +0000] "DELETE /api/v1/user/email?email=s.wells@topl.me HTTP/1.1" 200 17 "-" "PostmanRuntime/7.26.10"
::1 - - [20/Apr/2021:18:04:24 +0000] "DELETE /api/v1/user/email?email=s.wells@topl.me HTTP/1.1" 200 17 "-" "PostmanRuntime/7.26.10"
::1 - - [20/Apr/2021:18:06:02 +0000] "DELETE /api/v1/user/email?email=s.wells@topl.me HTTP/1.1" 500 21 "-" "PostmanRuntime/7.26.10"
::1 - - [20/Apr/2021:18:06:39 +0000] "DELETE /api/v1/user/email?email=s.wells@topl.me HTTP/1.1" 200 33 "-" "PostmanRuntime/7.26.10"
::1 - - [20/Apr/2021:18:06:46 +0000] "GET /api/v1/user/email?email=s.wells@topl.me HTTP/1.1" 403 98 "-" "PostmanRuntime/7.26.10"
